{"/home/rivan/Documents/Hacktiv8/Phase-3/Food-Chronicles/server/app.js": {"path":"/home/rivan/Documents/Hacktiv8/Phase-3/Food-Chronicles/server/app.js","statementMap":{"0":{"start":{"line":1,"column":16},"end":{"line":1,"column":34}},"1":{"start":{"line":2,"column":12},"end":{"line":2,"column":21}},"2":{"start":{"line":3,"column":15},"end":{"line":3,"column":41}},"3":{"start":{"line":4,"column":17},"end":{"line":4,"column":36}},"4":{"start":{"line":6,"column":0},"end":{"line":11,"column":1}},"5":{"start":{"line":7,"column":2},"end":{"line":10,"column":5}},"6":{"start":{"line":13,"column":0},"end":{"line":13,"column":48}},"7":{"start":{"line":15,"column":0},"end":{"line":15,"column":24}},"8":{"start":{"line":17,"column":0},"end":{"line":17,"column":16}},"9":{"start":{"line":19,"column":0},"end":{"line":19,"column":21}}},"fnMap":{},"branchMap":{"0":{"loc":{"start":{"line":6,"column":0},"end":{"line":11,"column":1}},"type":"if","locations":[{"start":{"line":6,"column":0},"end":{"line":11,"column":1}},{"start":{"line":6,"column":0},"end":{"line":11,"column":1}}],"line":6}},"s":{"0":2,"1":2,"2":2,"3":2,"4":2,"5":0,"6":2,"7":2,"8":2,"9":2},"f":{},"b":{"0":[0,2]},"_coverageSchema":"1a1c01bbd47fc00a2c39e90264f33305004495a9","hash":"965e56c81310bd7daa01a30c8b85fac3ccb5e308"}
,"/home/rivan/Documents/Hacktiv8/Phase-3/Food-Chronicles/server/blockchain/checkValidate.js": {"path":"/home/rivan/Documents/Hacktiv8/Phase-3/Food-Chronicles/server/blockchain/checkValidate.js","statementMap":{"0":{"start":{"line":1,"column":15},"end":{"line":1,"column":42}},"1":{"start":{"line":4,"column":2},"end":{"line":19,"column":3}},"2":{"start":{"line":4,"column":15},"end":{"line":4,"column":16}},"3":{"start":{"line":5,"column":25},"end":{"line":5,"column":37}},"4":{"start":{"line":6,"column":26},"end":{"line":6,"column":42}},"5":{"start":{"line":7,"column":64},"end":{"line":7,"column":76}},"6":{"start":{"line":9,"column":4},"end":{"line":18,"column":5}},"7":{"start":{"line":13,"column":6},"end":{"line":13,"column":19}},"8":{"start":{"line":14,"column":11},"end":{"line":18,"column":5}},"9":{"start":{"line":15,"column":6},"end":{"line":15,"column":19}},"10":{"start":{"line":17,"column":6},"end":{"line":17,"column":18}},"11":{"start":{"line":23,"column":2},"end":{"line":23,"column":75}},"12":{"start":{"line":26,"column":0},"end":{"line":29,"column":2}}},"fnMap":{"0":{"name":"checkValidate","decl":{"start":{"line":3,"column":9},"end":{"line":3,"column":22}},"loc":{"start":{"line":3,"column":28},"end":{"line":20,"column":1}},"line":3},"1":{"name":"calculateHash","decl":{"start":{"line":22,"column":9},"end":{"line":22,"column":22}},"loc":{"start":{"line":22,"column":67},"end":{"line":24,"column":1}},"line":22}},"branchMap":{"0":{"loc":{"start":{"line":9,"column":4},"end":{"line":18,"column":5}},"type":"if","locations":[{"start":{"line":9,"column":4},"end":{"line":18,"column":5}},{"start":{"line":9,"column":4},"end":{"line":18,"column":5}}],"line":9},"1":{"loc":{"start":{"line":14,"column":11},"end":{"line":18,"column":5}},"type":"if","locations":[{"start":{"line":14,"column":11},"end":{"line":18,"column":5}},{"start":{"line":14,"column":11},"end":{"line":18,"column":5}}],"line":14}},"s":{"0":2,"1":1,"2":1,"3":1,"4":1,"5":1,"6":1,"7":0,"8":1,"9":0,"10":1,"11":1,"12":2},"f":{"0":1,"1":1},"b":{"0":[0,1],"1":[0,1]},"_coverageSchema":"1a1c01bbd47fc00a2c39e90264f33305004495a9","hash":"966c3c86a5d2524ad7859821b549f082ef3f7bd1"}
,"/home/rivan/Documents/Hacktiv8/Phase-3/Food-Chronicles/server/blockchain/index.js": {"path":"/home/rivan/Documents/Hacktiv8/Phase-3/Food-Chronicles/server/blockchain/index.js","statementMap":{"0":{"start":{"line":1,"column":15},"end":{"line":1,"column":42}},"1":{"start":{"line":2,"column":18},"end":{"line":2,"column":39}},"2":{"start":{"line":6,"column":4},"end":{"line":6,"column":23}},"3":{"start":{"line":7,"column":4},"end":{"line":7,"column":29}},"4":{"start":{"line":8,"column":4},"end":{"line":8,"column":19}},"5":{"start":{"line":9,"column":4},"end":{"line":9,"column":21}},"6":{"start":{"line":10,"column":4},"end":{"line":10,"column":37}},"7":{"start":{"line":11,"column":4},"end":{"line":11,"column":37}},"8":{"start":{"line":12,"column":4},"end":{"line":12,"column":19}},"9":{"start":{"line":16,"column":4},"end":{"line":18,"column":17}},"10":{"start":{"line":24,"column":4},"end":{"line":24,"column":40}},"11":{"start":{"line":28,"column":4},"end":{"line":28,"column":63}},"12":{"start":{"line":32,"column":4},"end":{"line":32,"column":45}},"13":{"start":{"line":36,"column":4},"end":{"line":36,"column":50}},"14":{"start":{"line":37,"column":4},"end":{"line":37,"column":52}},"15":{"start":{"line":38,"column":4},"end":{"line":38,"column":45}},"16":{"start":{"line":39,"column":4},"end":{"line":39,"column":40}},"17":{"start":{"line":40,"column":4},"end":{"line":40,"column":30}},"18":{"start":{"line":44,"column":0},"end":{"line":47,"column":2}}},"fnMap":{"0":{"name":"(anonymous_0)","decl":{"start":{"line":5,"column":2},"end":{"line":5,"column":3}},"loc":{"start":{"line":5,"column":56},"end":{"line":13,"column":3}},"line":5},"1":{"name":"(anonymous_1)","decl":{"start":{"line":15,"column":2},"end":{"line":15,"column":3}},"loc":{"start":{"line":15,"column":18},"end":{"line":19,"column":3}},"line":15},"2":{"name":"(anonymous_2)","decl":{"start":{"line":23,"column":2},"end":{"line":23,"column":3}},"loc":{"start":{"line":23,"column":16},"end":{"line":25,"column":3}},"line":23},"3":{"name":"(anonymous_3)","decl":{"start":{"line":27,"column":2},"end":{"line":27,"column":3}},"loc":{"start":{"line":27,"column":18},"end":{"line":29,"column":3}},"line":27},"4":{"name":"(anonymous_4)","decl":{"start":{"line":31,"column":2},"end":{"line":31,"column":3}},"loc":{"start":{"line":31,"column":16},"end":{"line":33,"column":3}},"line":31},"5":{"name":"(anonymous_5)","decl":{"start":{"line":35,"column":2},"end":{"line":35,"column":3}},"loc":{"start":{"line":35,"column":21},"end":{"line":41,"column":3}},"line":35}},"branchMap":{},"s":{"0":2,"1":2,"2":11,"3":11,"4":11,"5":11,"6":11,"7":11,"8":11,"9":16,"10":5,"11":5,"12":10,"13":5,"14":5,"15":5,"16":5,"17":5,"18":2},"f":{"0":11,"1":16,"2":5,"3":5,"4":10,"5":5},"b":{},"_coverageSchema":"1a1c01bbd47fc00a2c39e90264f33305004495a9","hash":"ae0e1231fd3c0fe5e349cde0ea16040f8896af9c"}
,"/home/rivan/Documents/Hacktiv8/Phase-3/Food-Chronicles/server/controllers/ProductController.js": {"path":"/home/rivan/Documents/Hacktiv8/Phase-3/Food-Chronicles/server/controllers/ProductController.js","statementMap":{"0":{"start":{"line":1,"column":16},"end":{"line":1,"column":44}},"1":{"start":{"line":2,"column":13},"end":{"line":2,"column":38}},"2":{"start":{"line":3,"column":17},"end":{"line":3,"column":36}},"3":{"start":{"line":4,"column":42},"end":{"line":4,"column":72}},"4":{"start":{"line":5,"column":26},"end":{"line":5,"column":64}},"5":{"start":{"line":6,"column":18},"end":{"line":6,"column":39}},"6":{"start":{"line":10,"column":4},"end":{"line":23,"column":5}},"7":{"start":{"line":11,"column":21},"end":{"line":11,"column":37}},"8":{"start":{"line":12,"column":19},"end":{"line":12,"column":42}},"9":{"start":{"line":13,"column":65},"end":{"line":13,"column":69}},"10":{"start":{"line":14,"column":6},"end":{"line":20,"column":9}},"11":{"start":{"line":22,"column":6},"end":{"line":22,"column":43}},"12":{"start":{"line":27,"column":4},"end":{"line":40,"column":5}},"13":{"start":{"line":28,"column":21},"end":{"line":28,"column":31}},"14":{"start":{"line":29,"column":22},"end":{"line":29,"column":48}},"15":{"start":{"line":30,"column":6},"end":{"line":32,"column":7}},"16":{"start":{"line":31,"column":8},"end":{"line":31,"column":44}},"17":{"start":{"line":33,"column":6},"end":{"line":33,"column":36}},"18":{"start":{"line":35,"column":6},"end":{"line":39,"column":7}},"19":{"start":{"line":36,"column":8},"end":{"line":36,"column":63}},"20":{"start":{"line":38,"column":8},"end":{"line":38,"column":45}},"21":{"start":{"line":44,"column":4},"end":{"line":69,"column":5}},"22":{"start":{"line":45,"column":6},"end":{"line":47,"column":7}},"23":{"start":{"line":46,"column":8},"end":{"line":46,"column":49}},"24":{"start":{"line":48,"column":23},"end":{"line":48,"column":39}},"25":{"start":{"line":49,"column":21},"end":{"line":49,"column":37}},"26":{"start":{"line":50,"column":6},"end":{"line":50,"column":73}},"27":{"start":{"line":52,"column":22},"end":{"line":55,"column":8}},"28":{"start":{"line":57,"column":19},"end":{"line":57,"column":49}},"29":{"start":{"line":58,"column":6},"end":{"line":61,"column":8}},"30":{"start":{"line":62,"column":6},"end":{"line":62,"column":36}},"31":{"start":{"line":64,"column":6},"end":{"line":68,"column":7}},"32":{"start":{"line":65,"column":8},"end":{"line":65,"column":74}},"33":{"start":{"line":67,"column":8},"end":{"line":67,"column":36}},"34":{"start":{"line":73,"column":4},"end":{"line":106,"column":5}},"35":{"start":{"line":74,"column":6},"end":{"line":74,"column":28}},"36":{"start":{"line":75,"column":6},"end":{"line":77,"column":7}},"37":{"start":{"line":76,"column":8},"end":{"line":76,"column":46}},"38":{"start":{"line":78,"column":21},"end":{"line":78,"column":31}},"39":{"start":{"line":79,"column":18},"end":{"line":79,"column":44}},"40":{"start":{"line":80,"column":6},"end":{"line":99,"column":7}},"41":{"start":{"line":81,"column":23},"end":{"line":81,"column":41}},"42":{"start":{"line":82,"column":8},"end":{"line":98,"column":9}},"43":{"start":{"line":83,"column":30},"end":{"line":83,"column":61}},"44":{"start":{"line":84,"column":27},"end":{"line":90,"column":11}},"45":{"start":{"line":91,"column":27},"end":{"line":91,"column":51}},"46":{"start":{"line":92,"column":25},"end":{"line":94,"column":19}},"47":{"start":{"line":95,"column":10},"end":{"line":95,"column":80}},"48":{"start":{"line":97,"column":10},"end":{"line":97,"column":69}},"49":{"start":{"line":101,"column":6},"end":{"line":105,"column":7}},"50":{"start":{"line":102,"column":8},"end":{"line":102,"column":52}},"51":{"start":{"line":104,"column":8},"end":{"line":104,"column":45}},"52":{"start":{"line":110,"column":0},"end":{"line":110,"column":28}}},"fnMap":{"0":{"name":"(anonymous_0)","decl":{"start":{"line":9,"column":2},"end":{"line":9,"column":3}},"loc":{"start":{"line":9,"column":29},"end":{"line":24,"column":3}},"line":9},"1":{"name":"(anonymous_1)","decl":{"start":{"line":26,"column":2},"end":{"line":26,"column":3}},"loc":{"start":{"line":26,"column":32},"end":{"line":41,"column":3}},"line":26},"2":{"name":"(anonymous_2)","decl":{"start":{"line":43,"column":2},"end":{"line":43,"column":3}},"loc":{"start":{"line":43,"column":42},"end":{"line":70,"column":3}},"line":43},"3":{"name":"(anonymous_3)","decl":{"start":{"line":72,"column":2},"end":{"line":72,"column":3}},"loc":{"start":{"line":72,"column":34},"end":{"line":107,"column":3}},"line":72}},"branchMap":{"0":{"loc":{"start":{"line":30,"column":6},"end":{"line":32,"column":7}},"type":"if","locations":[{"start":{"line":30,"column":6},"end":{"line":32,"column":7}},{"start":{"line":30,"column":6},"end":{"line":32,"column":7}}],"line":30},"1":{"loc":{"start":{"line":35,"column":6},"end":{"line":39,"column":7}},"type":"if","locations":[{"start":{"line":35,"column":6},"end":{"line":39,"column":7}},{"start":{"line":35,"column":6},"end":{"line":39,"column":7}}],"line":35},"2":{"loc":{"start":{"line":45,"column":6},"end":{"line":47,"column":7}},"type":"if","locations":[{"start":{"line":45,"column":6},"end":{"line":47,"column":7}},{"start":{"line":45,"column":6},"end":{"line":47,"column":7}}],"line":45},"3":{"loc":{"start":{"line":45,"column":10},"end":{"line":45,"column":66}},"type":"binary-expr","locations":[{"start":{"line":45,"column":10},"end":{"line":45,"column":49}},{"start":{"line":45,"column":53},"end":{"line":45,"column":66}}],"line":45},"4":{"loc":{"start":{"line":64,"column":6},"end":{"line":68,"column":7}},"type":"if","locations":[{"start":{"line":64,"column":6},"end":{"line":68,"column":7}},{"start":{"line":64,"column":6},"end":{"line":68,"column":7}}],"line":64},"5":{"loc":{"start":{"line":64,"column":10},"end":{"line":64,"column":67}},"type":"binary-expr","locations":[{"start":{"line":64,"column":10},"end":{"line":64,"column":49}},{"start":{"line":64,"column":53},"end":{"line":64,"column":67}}],"line":64},"6":{"loc":{"start":{"line":75,"column":6},"end":{"line":77,"column":7}},"type":"if","locations":[{"start":{"line":75,"column":6},"end":{"line":77,"column":7}},{"start":{"line":75,"column":6},"end":{"line":77,"column":7}}],"line":75},"7":{"loc":{"start":{"line":80,"column":6},"end":{"line":99,"column":7}},"type":"if","locations":[{"start":{"line":80,"column":6},"end":{"line":99,"column":7}},{"start":{"line":80,"column":6},"end":{"line":99,"column":7}}],"line":80},"8":{"loc":{"start":{"line":82,"column":8},"end":{"line":98,"column":9}},"type":"if","locations":[{"start":{"line":82,"column":8},"end":{"line":98,"column":9}},{"start":{"line":82,"column":8},"end":{"line":98,"column":9}}],"line":82},"9":{"loc":{"start":{"line":101,"column":6},"end":{"line":105,"column":7}},"type":"if","locations":[{"start":{"line":101,"column":6},"end":{"line":105,"column":7}},{"start":{"line":101,"column":6},"end":{"line":105,"column":7}}],"line":101}},"s":{"0":2,"1":2,"2":2,"3":2,"4":2,"5":2,"6":0,"7":0,"8":0,"9":0,"10":0,"11":0,"12":0,"13":0,"14":0,"15":0,"16":0,"17":0,"18":0,"19":0,"20":0,"21":6,"22":6,"23":1,"24":5,"25":5,"26":5,"27":5,"28":2,"29":2,"30":2,"31":4,"32":1,"33":3,"34":1,"35":1,"36":1,"37":0,"38":1,"39":1,"40":1,"41":1,"42":1,"43":1,"44":1,"45":1,"46":1,"47":1,"48":0,"49":0,"50":0,"51":0,"52":2},"f":{"0":0,"1":0,"2":6,"3":1},"b":{"0":[0,0],"1":[0,0],"2":[1,5],"3":[6,2],"4":[1,3],"5":[4,2],"6":[0,1],"7":[1,0],"8":[1,0],"9":[0,0]},"_coverageSchema":"1a1c01bbd47fc00a2c39e90264f33305004495a9","hash":"f71292372eb8a518bc7d949dd61cfdf736fc6e5b"}
,"/home/rivan/Documents/Hacktiv8/Phase-3/Food-Chronicles/server/controllers/UserController.js": {"path":"/home/rivan/Documents/Hacktiv8/Phase-3/Food-Chronicles/server/controllers/UserController.js","statementMap":{"0":{"start":{"line":1,"column":13},"end":{"line":1,"column":38}},"1":{"start":{"line":2,"column":20},"end":{"line":2,"column":54}},"2":{"start":{"line":3,"column":26},"end":{"line":3,"column":51}},"3":{"start":{"line":14,"column":8},"end":{"line":14,"column":16}},"4":{"start":{"line":15,"column":17},"end":{"line":22,"column":6}},"5":{"start":{"line":23,"column":4},"end":{"line":54,"column":9}},"6":{"start":{"line":34,"column":12},"end":{"line":34,"column":18}},"7":{"start":{"line":35,"column":24},"end":{"line":38,"column":9}},"8":{"start":{"line":39,"column":29},"end":{"line":39,"column":51}},"9":{"start":{"line":40,"column":25},"end":{"line":49,"column":9}},"10":{"start":{"line":50,"column":8},"end":{"line":50,"column":39}},"11":{"start":{"line":53,"column":8},"end":{"line":53,"column":34}},"12":{"start":{"line":58,"column":35},"end":{"line":58,"column":43}},"13":{"start":{"line":59,"column":4},"end":{"line":80,"column":9}},"14":{"start":{"line":62,"column":8},"end":{"line":72,"column":9}},"15":{"start":{"line":63,"column":36},"end":{"line":63,"column":39}},"16":{"start":{"line":64,"column":26},"end":{"line":67,"column":11}},"17":{"start":{"line":68,"column":31},"end":{"line":68,"column":53}},"18":{"start":{"line":69,"column":10},"end":{"line":69,"column":49}},"19":{"start":{"line":71,"column":10},"end":{"line":71,"column":57}},"20":{"start":{"line":75,"column":8},"end":{"line":79,"column":9}},"21":{"start":{"line":76,"column":10},"end":{"line":76,"column":76}},"22":{"start":{"line":78,"column":10},"end":{"line":78,"column":69}},"23":{"start":{"line":84,"column":0},"end":{"line":84,"column":28}}},"fnMap":{"0":{"name":"(anonymous_0)","decl":{"start":{"line":6,"column":2},"end":{"line":6,"column":3}},"loc":{"start":{"line":6,"column":28},"end":{"line":55,"column":3}},"line":6},"1":{"name":"(anonymous_1)","decl":{"start":{"line":25,"column":12},"end":{"line":25,"column":13}},"loc":{"start":{"line":25,"column":24},"end":{"line":51,"column":7}},"line":25},"2":{"name":"(anonymous_2)","decl":{"start":{"line":52,"column":13},"end":{"line":52,"column":14}},"loc":{"start":{"line":52,"column":22},"end":{"line":54,"column":7}},"line":52},"3":{"name":"(anonymous_3)","decl":{"start":{"line":57,"column":2},"end":{"line":57,"column":3}},"loc":{"start":{"line":57,"column":25},"end":{"line":81,"column":3}},"line":57},"4":{"name":"(anonymous_4)","decl":{"start":{"line":61,"column":12},"end":{"line":61,"column":13}},"loc":{"start":{"line":61,"column":21},"end":{"line":73,"column":7}},"line":61},"5":{"name":"(anonymous_5)","decl":{"start":{"line":74,"column":13},"end":{"line":74,"column":14}},"loc":{"start":{"line":74,"column":22},"end":{"line":80,"column":7}},"line":74}},"branchMap":{"0":{"loc":{"start":{"line":62,"column":8},"end":{"line":72,"column":9}},"type":"if","locations":[{"start":{"line":62,"column":8},"end":{"line":72,"column":9}},{"start":{"line":62,"column":8},"end":{"line":72,"column":9}}],"line":62},"1":{"loc":{"start":{"line":62,"column":12},"end":{"line":62,"column":50}},"type":"binary-expr","locations":[{"start":{"line":62,"column":12},"end":{"line":62,"column":15}},{"start":{"line":62,"column":19},"end":{"line":62,"column":50}}],"line":62},"2":{"loc":{"start":{"line":75,"column":8},"end":{"line":79,"column":9}},"type":"if","locations":[{"start":{"line":75,"column":8},"end":{"line":79,"column":9}},{"start":{"line":75,"column":8},"end":{"line":79,"column":9}}],"line":75}},"s":{"0":2,"1":2,"2":2,"3":5,"4":5,"5":5,"6":2,"7":2,"8":2,"9":2,"10":2,"11":3,"12":2,"13":2,"14":2,"15":1,"16":1,"17":1,"18":1,"19":1,"20":1,"21":1,"22":0,"23":2},"f":{"0":5,"1":2,"2":3,"3":2,"4":2,"5":1},"b":{"0":[1,1],"1":[2,1],"2":[1,0]},"_coverageSchema":"1a1c01bbd47fc00a2c39e90264f33305004495a9","hash":"e22354f1fbbb8b50e79f5b8e63aa3461a71fe068"}
,"/home/rivan/Documents/Hacktiv8/Phase-3/Food-Chronicles/server/helpers/hashPassword.js": {"path":"/home/rivan/Documents/Hacktiv8/Phase-3/Food-Chronicles/server/helpers/hashPassword.js","statementMap":{"0":{"start":{"line":1,"column":15},"end":{"line":1,"column":34}},"1":{"start":{"line":4,"column":15},"end":{"line":4,"column":37}},"2":{"start":{"line":5,"column":2},"end":{"line":5,"column":41}},"3":{"start":{"line":9,"column":2},"end":{"line":9,"column":52}},"4":{"start":{"line":12,"column":0},"end":{"line":15,"column":2}}},"fnMap":{"0":{"name":"hashPassword","decl":{"start":{"line":3,"column":9},"end":{"line":3,"column":21}},"loc":{"start":{"line":3,"column":32},"end":{"line":6,"column":1}},"line":3},"1":{"name":"compare","decl":{"start":{"line":8,"column":9},"end":{"line":8,"column":16}},"loc":{"start":{"line":8,"column":41},"end":{"line":10,"column":1}},"line":8}},"branchMap":{},"s":{"0":2,"1":2,"2":2,"3":2,"4":2},"f":{"0":2,"1":2},"b":{},"_coverageSchema":"1a1c01bbd47fc00a2c39e90264f33305004495a9","hash":"0a02fff82e32c66860a8598f8bd31558ed5d8cfe"}
,"/home/rivan/Documents/Hacktiv8/Phase-3/Food-Chronicles/server/helpers/jwt.js": {"path":"/home/rivan/Documents/Hacktiv8/Phase-3/Food-Chronicles/server/helpers/jwt.js","statementMap":{"0":{"start":{"line":1,"column":12},"end":{"line":1,"column":35}},"1":{"start":{"line":2,"column":17},"end":{"line":2,"column":23}},"2":{"start":{"line":5,"column":2},"end":{"line":5,"column":39}},"3":{"start":{"line":9,"column":2},"end":{"line":9,"column":39}},"4":{"start":{"line":12,"column":0},"end":{"line":15,"column":2}}},"fnMap":{"0":{"name":"tokenGenerate","decl":{"start":{"line":4,"column":9},"end":{"line":4,"column":22}},"loc":{"start":{"line":4,"column":32},"end":{"line":6,"column":1}},"line":4},"1":{"name":"checkToken","decl":{"start":{"line":8,"column":9},"end":{"line":8,"column":19}},"loc":{"start":{"line":8,"column":27},"end":{"line":10,"column":1}},"line":8}},"branchMap":{},"s":{"0":2,"1":2,"2":3,"3":12,"4":2},"f":{"0":3,"1":12},"b":{},"_coverageSchema":"1a1c01bbd47fc00a2c39e90264f33305004495a9","hash":"2f531b4d138a27893af27d67e0859f490732c226"}
,"/home/rivan/Documents/Hacktiv8/Phase-3/Food-Chronicles/server/middlewares/authentication.js": {"path":"/home/rivan/Documents/Hacktiv8/Phase-3/Food-Chronicles/server/middlewares/authentication.js","statementMap":{"0":{"start":{"line":1,"column":23},"end":{"line":1,"column":48}},"1":{"start":{"line":2,"column":13},"end":{"line":2,"column":38}},"2":{"start":{"line":4,"column":23},"end":{"line":21,"column":1}},"3":{"start":{"line":5,"column":2},"end":{"line":20,"column":3}},"4":{"start":{"line":6,"column":20},"end":{"line":6,"column":56}},"5":{"start":{"line":7,"column":21},"end":{"line":7,"column":37}},"6":{"start":{"line":8,"column":17},"end":{"line":8,"column":56}},"7":{"start":{"line":9,"column":4},"end":{"line":17,"column":5}},"8":{"start":{"line":10,"column":6},"end":{"line":13,"column":8}},"9":{"start":{"line":14,"column":6},"end":{"line":14,"column":13}},"10":{"start":{"line":16,"column":6},"end":{"line":16,"column":54}},"11":{"start":{"line":19,"column":4},"end":{"line":19,"column":71}},"12":{"start":{"line":23,"column":0},"end":{"line":23,"column":32}}},"fnMap":{"0":{"name":"(anonymous_0)","decl":{"start":{"line":4,"column":23},"end":{"line":4,"column":24}},"loc":{"start":{"line":4,"column":49},"end":{"line":21,"column":1}},"line":4}},"branchMap":{"0":{"loc":{"start":{"line":9,"column":4},"end":{"line":17,"column":5}},"type":"if","locations":[{"start":{"line":9,"column":4},"end":{"line":17,"column":5}},{"start":{"line":9,"column":4},"end":{"line":17,"column":5}}],"line":9}},"s":{"0":2,"1":2,"2":2,"3":12,"4":12,"5":12,"6":11,"7":11,"8":10,"9":10,"10":1,"11":2,"12":2},"f":{"0":12},"b":{"0":[10,1]},"_coverageSchema":"1a1c01bbd47fc00a2c39e90264f33305004495a9","hash":"64ecc864043c1ac36c29ea77865c6491ef840798"}
,"/home/rivan/Documents/Hacktiv8/Phase-3/Food-Chronicles/server/middlewares/authorization.js": {"path":"/home/rivan/Documents/Hacktiv8/Phase-3/Food-Chronicles/server/middlewares/authorization.js","statementMap":{"0":{"start":{"line":1,"column":16},"end":{"line":1,"column":44}},"1":{"start":{"line":3,"column":22},"end":{"line":25,"column":1}},"2":{"start":{"line":4,"column":2},"end":{"line":24,"column":3}},"3":{"start":{"line":5,"column":19},"end":{"line":5,"column":29}},"4":{"start":{"line":6,"column":20},"end":{"line":6,"column":46}},"5":{"start":{"line":7,"column":4},"end":{"line":9,"column":5}},"6":{"start":{"line":8,"column":6},"end":{"line":8,"column":42}},"7":{"start":{"line":10,"column":27},"end":{"line":10,"column":70}},"8":{"start":{"line":11,"column":24},"end":{"line":11,"column":35}},"9":{"start":{"line":12,"column":4},"end":{"line":17,"column":5}},"10":{"start":{"line":13,"column":6},"end":{"line":13,"column":31}},"11":{"start":{"line":14,"column":6},"end":{"line":14,"column":13}},"12":{"start":{"line":16,"column":6},"end":{"line":16,"column":53}},"13":{"start":{"line":19,"column":4},"end":{"line":23,"column":5}},"14":{"start":{"line":20,"column":6},"end":{"line":20,"column":50}},"15":{"start":{"line":22,"column":6},"end":{"line":22,"column":43}},"16":{"start":{"line":27,"column":0},"end":{"line":27,"column":31}}},"fnMap":{"0":{"name":"(anonymous_0)","decl":{"start":{"line":3,"column":22},"end":{"line":3,"column":23}},"loc":{"start":{"line":3,"column":48},"end":{"line":25,"column":1}},"line":3}},"branchMap":{"0":{"loc":{"start":{"line":7,"column":4},"end":{"line":9,"column":5}},"type":"if","locations":[{"start":{"line":7,"column":4},"end":{"line":9,"column":5}},{"start":{"line":7,"column":4},"end":{"line":9,"column":5}}],"line":7},"1":{"loc":{"start":{"line":12,"column":4},"end":{"line":17,"column":5}},"type":"if","locations":[{"start":{"line":12,"column":4},"end":{"line":17,"column":5}},{"start":{"line":12,"column":4},"end":{"line":17,"column":5}}],"line":12},"2":{"loc":{"start":{"line":19,"column":4},"end":{"line":23,"column":5}},"type":"if","locations":[{"start":{"line":19,"column":4},"end":{"line":23,"column":5}},{"start":{"line":19,"column":4},"end":{"line":23,"column":5}}],"line":19}},"s":{"0":2,"1":2,"2":4,"3":4,"4":4,"5":4,"6":1,"7":3,"8":3,"9":3,"10":1,"11":1,"12":2,"13":3,"14":3,"15":0,"16":2},"f":{"0":4},"b":{"0":[1,3],"1":[1,2],"2":[3,0]},"_coverageSchema":"1a1c01bbd47fc00a2c39e90264f33305004495a9","hash":"f9e58c12046e34c739d62fc0f6cf20977d4e1944"}
,"/home/rivan/Documents/Hacktiv8/Phase-3/Food-Chronicles/server/models/product.js": {"path":"/home/rivan/Documents/Hacktiv8/Phase-3/Food-Chronicles/server/models/product.js","statementMap":{"0":{"start":{"line":1,"column":17},"end":{"line":1,"column":36}},"1":{"start":{"line":2,"column":19},"end":{"line":2,"column":27}},"2":{"start":{"line":4,"column":22},"end":{"line":14,"column":2}},"3":{"start":{"line":16,"column":0},"end":{"line":16,"column":58}}},"fnMap":{},"branchMap":{},"s":{"0":2,"1":2,"2":2,"3":2},"f":{},"b":{},"_coverageSchema":"1a1c01bbd47fc00a2c39e90264f33305004495a9","hash":"4864f5fe91f484c27216b7a037c54bae99fe9a0c"}
,"/home/rivan/Documents/Hacktiv8/Phase-3/Food-Chronicles/server/models/user.js": {"path":"/home/rivan/Documents/Hacktiv8/Phase-3/Food-Chronicles/server/models/user.js","statementMap":{"0":{"start":{"line":1,"column":17},"end":{"line":1,"column":36}},"1":{"start":{"line":2,"column":19},"end":{"line":2,"column":38}},"2":{"start":{"line":3,"column":24},"end":{"line":3,"column":60}},"3":{"start":{"line":4,"column":25},"end":{"line":4,"column":59}},"4":{"start":{"line":6,"column":19},"end":{"line":38,"column":2}},"5":{"start":{"line":40,"column":0},"end":{"line":47,"column":3}},"6":{"start":{"line":41,"column":13},"end":{"line":41,"column":17}},"7":{"start":{"line":43,"column":2},"end":{"line":43,"column":50}},"8":{"start":{"line":43,"column":36},"end":{"line":43,"column":50}},"9":{"start":{"line":45,"column":2},"end":{"line":45,"column":46}},"10":{"start":{"line":46,"column":2},"end":{"line":46,"column":9}},"11":{"start":{"line":49,"column":0},"end":{"line":49,"column":35}},"12":{"start":{"line":51,"column":0},"end":{"line":51,"column":52}}},"fnMap":{"0":{"name":"(anonymous_0)","decl":{"start":{"line":40,"column":23},"end":{"line":40,"column":24}},"loc":{"start":{"line":40,"column":39},"end":{"line":47,"column":1}},"line":40}},"branchMap":{"0":{"loc":{"start":{"line":43,"column":2},"end":{"line":43,"column":50}},"type":"if","locations":[{"start":{"line":43,"column":2},"end":{"line":43,"column":50}},{"start":{"line":43,"column":2},"end":{"line":43,"column":50}}],"line":43}},"s":{"0":2,"1":2,"2":2,"3":2,"4":2,"5":2,"6":2,"7":2,"8":0,"9":2,"10":2,"11":2,"12":2},"f":{"0":2},"b":{"0":[0,2]},"_coverageSchema":"1a1c01bbd47fc00a2c39e90264f33305004495a9","hash":"0c73826f15be2d65af8f7cb26c0871e3f85ad7d1"}
,"/home/rivan/Documents/Hacktiv8/Phase-3/Food-Chronicles/server/routers/index.js": {"path":"/home/rivan/Documents/Hacktiv8/Phase-3/Food-Chronicles/server/routers/index.js","statementMap":{"0":{"start":{"line":1,"column":15},"end":{"line":1,"column":42}},"1":{"start":{"line":2,"column":22},"end":{"line":2,"column":42}},"2":{"start":{"line":3,"column":19},"end":{"line":3,"column":36}},"3":{"start":{"line":5,"column":0},"end":{"line":5,"column":38}},"4":{"start":{"line":7,"column":0},"end":{"line":7,"column":28}},"5":{"start":{"line":9,"column":0},"end":{"line":9,"column":24}}},"fnMap":{},"branchMap":{},"s":{"0":2,"1":2,"2":2,"3":2,"4":2,"5":2},"f":{},"b":{},"_coverageSchema":"1a1c01bbd47fc00a2c39e90264f33305004495a9","hash":"4b5d3b2cdfc6848761cc0e4979dc922e1ca5b190"}
,"/home/rivan/Documents/Hacktiv8/Phase-3/Food-Chronicles/server/routers/product.js": {"path":"/home/rivan/Documents/Hacktiv8/Phase-3/Food-Chronicles/server/routers/product.js","statementMap":{"0":{"start":{"line":1,"column":15},"end":{"line":1,"column":42}},"1":{"start":{"line":2,"column":26},"end":{"line":2,"column":69}},"2":{"start":{"line":3,"column":23},"end":{"line":3,"column":63}},"3":{"start":{"line":4,"column":22},"end":{"line":4,"column":61}},"4":{"start":{"line":6,"column":0},"end":{"line":6,"column":45}},"5":{"start":{"line":8,"column":0},"end":{"line":8,"column":27}},"6":{"start":{"line":10,"column":0},"end":{"line":10,"column":39}},"7":{"start":{"line":12,"column":0},"end":{"line":12,"column":53}},"8":{"start":{"line":14,"column":0},"end":{"line":14,"column":62}},"9":{"start":{"line":16,"column":0},"end":{"line":16,"column":24}}},"fnMap":{},"branchMap":{},"s":{"0":2,"1":2,"2":2,"3":2,"4":2,"5":2,"6":2,"7":2,"8":2,"9":2},"f":{},"b":{},"_coverageSchema":"1a1c01bbd47fc00a2c39e90264f33305004495a9","hash":"32d72994c37f6fb30fe138a9297397d3ffc76d3f"}
,"/home/rivan/Documents/Hacktiv8/Phase-3/Food-Chronicles/server/routers/user.js": {"path":"/home/rivan/Documents/Hacktiv8/Phase-3/Food-Chronicles/server/routers/user.js","statementMap":{"0":{"start":{"line":1,"column":15},"end":{"line":1,"column":42}},"1":{"start":{"line":2,"column":23},"end":{"line":2,"column":63}},"2":{"start":{"line":4,"column":0},"end":{"line":6,"column":3}},"3":{"start":{"line":5,"column":2},"end":{"line":5,"column":24}},"4":{"start":{"line":8,"column":0},"end":{"line":8,"column":44}},"5":{"start":{"line":10,"column":0},"end":{"line":10,"column":50}},"6":{"start":{"line":12,"column":0},"end":{"line":12,"column":24}}},"fnMap":{"0":{"name":"(anonymous_0)","decl":{"start":{"line":4,"column":16},"end":{"line":4,"column":17}},"loc":{"start":{"line":4,"column":30},"end":{"line":6,"column":1}},"line":4}},"branchMap":{},"s":{"0":2,"1":2,"2":2,"3":0,"4":2,"5":2,"6":2},"f":{"0":0},"b":{},"_coverageSchema":"1a1c01bbd47fc00a2c39e90264f33305004495a9","hash":"b1851858171d404832834abc8fdb6c13b01c527d"}
}
