TN:
SF:app.js
FNF:0
FNH:0
DA:1,2
DA:2,2
DA:3,2
DA:4,2
DA:6,2
DA:7,0
DA:13,2
DA:15,2
DA:17,2
DA:19,2
LF:10
LH:9
BRDA:6,0,0,0
BRDA:6,0,1,2
BRF:2
BRH:1
end_of_record
TN:
SF:blockchain/checkValidate.js
FN:3,checkValidate
FN:22,calculateHash
FNF:2
FNH:2
FNDA:1,checkValidate
FNDA:1,calculateHash
DA:1,2
DA:4,1
DA:5,1
DA:6,1
DA:7,1
DA:9,1
DA:13,0
DA:14,1
DA:15,0
DA:17,1
DA:23,1
DA:26,2
LF:12
LH:10
BRDA:9,0,0,0
BRDA:9,0,1,1
BRDA:14,1,0,0
BRDA:14,1,1,1
BRF:4
BRH:2
end_of_record
TN:
SF:blockchain/index.js
FN:5,(anonymous_0)
FN:15,(anonymous_1)
FN:23,(anonymous_2)
FN:27,(anonymous_3)
FN:31,(anonymous_4)
FN:35,(anonymous_5)
FNF:6
FNH:6
FNDA:11,(anonymous_0)
FNDA:16,(anonymous_1)
FNDA:5,(anonymous_2)
FNDA:5,(anonymous_3)
FNDA:10,(anonymous_4)
FNDA:5,(anonymous_5)
DA:1,2
DA:2,2
DA:6,11
DA:7,11
DA:8,11
DA:9,11
DA:10,11
DA:11,11
DA:12,11
DA:16,16
DA:24,5
DA:28,5
DA:32,10
DA:36,5
DA:37,5
DA:38,5
DA:39,5
DA:40,5
DA:44,2
LF:19
LH:19
BRF:0
BRH:0
end_of_record
TN:
SF:controllers/ProductController.js
FN:9,(anonymous_0)
FN:26,(anonymous_1)
FN:43,(anonymous_2)
FN:72,(anonymous_3)
FNF:4
FNH:2
FNDA:0,(anonymous_0)
FNDA:0,(anonymous_1)
FNDA:6,(anonymous_2)
FNDA:1,(anonymous_3)
DA:1,2
DA:2,2
DA:3,2
DA:4,2
DA:5,2
DA:6,2
DA:10,0
DA:11,0
DA:12,0
DA:13,0
DA:14,0
DA:22,0
DA:27,0
DA:28,0
DA:29,0
DA:30,0
DA:31,0
DA:33,0
DA:35,0
DA:36,0
DA:38,0
DA:44,6
DA:45,6
DA:46,1
DA:48,5
DA:49,5
DA:50,5
DA:52,5
DA:57,2
DA:58,2
DA:62,2
DA:64,4
DA:65,1
DA:67,3
DA:73,1
DA:74,1
DA:75,1
DA:76,0
DA:78,1
DA:79,1
DA:80,1
DA:81,1
DA:82,1
DA:83,1
DA:84,1
DA:91,1
DA:92,1
DA:95,1
DA:97,0
DA:101,0
DA:102,0
DA:104,0
DA:110,2
LF:53
LH:33
BRDA:30,0,0,0
BRDA:30,0,1,0
BRDA:35,1,0,0
BRDA:35,1,1,0
BRDA:45,2,0,1
BRDA:45,2,1,5
BRDA:45,3,0,6
BRDA:45,3,1,2
BRDA:64,4,0,1
BRDA:64,4,1,3
BRDA:64,5,0,4
BRDA:64,5,1,2
BRDA:75,6,0,0
BRDA:75,6,1,1
BRDA:80,7,0,1
BRDA:80,7,1,0
BRDA:82,8,0,1
BRDA:82,8,1,0
BRDA:101,9,0,0
BRDA:101,9,1,0
BRF:20
BRH:11
end_of_record
TN:
SF:controllers/UserController.js
FN:6,(anonymous_0)
FN:25,(anonymous_1)
FN:52,(anonymous_2)
FN:57,(anonymous_3)
FN:61,(anonymous_4)
FN:74,(anonymous_5)
FNF:6
FNH:6
FNDA:5,(anonymous_0)
FNDA:2,(anonymous_1)
FNDA:3,(anonymous_2)
FNDA:2,(anonymous_3)
FNDA:2,(anonymous_4)
FNDA:1,(anonymous_5)
DA:1,2
DA:2,2
DA:3,2
DA:14,5
DA:15,5
DA:23,5
DA:34,2
DA:35,2
DA:39,2
DA:40,2
DA:50,2
DA:53,3
DA:58,2
DA:59,2
DA:62,2
DA:63,1
DA:64,1
DA:68,1
DA:69,1
DA:71,1
DA:75,1
DA:76,1
DA:78,0
DA:84,2
LF:24
LH:23
BRDA:62,0,0,1
BRDA:62,0,1,1
BRDA:62,1,0,2
BRDA:62,1,1,1
BRDA:75,2,0,1
BRDA:75,2,1,0
BRF:6
BRH:5
end_of_record
TN:
SF:helpers/hashPassword.js
FN:3,hashPassword
FN:8,compare
FNF:2
FNH:2
FNDA:2,hashPassword
FNDA:2,compare
DA:1,2
DA:4,2
DA:5,2
DA:9,2
DA:12,2
LF:5
LH:5
BRF:0
BRH:0
end_of_record
TN:
SF:helpers/jwt.js
FN:4,tokenGenerate
FN:8,checkToken
FNF:2
FNH:2
FNDA:3,tokenGenerate
FNDA:11,checkToken
DA:1,2
DA:2,2
DA:5,3
DA:9,11
DA:12,2
LF:5
LH:5
BRF:0
BRH:0
end_of_record
TN:
SF:middlewares/authentication.js
FN:4,(anonymous_0)
FNF:1
FNH:1
FNDA:11,(anonymous_0)
DA:1,2
DA:2,2
DA:4,2
DA:5,11
DA:6,11
DA:7,11
DA:8,10
DA:9,10
DA:10,9
DA:14,9
DA:16,1
DA:19,2
DA:23,2
LF:13
LH:13
BRDA:9,0,0,9
BRDA:9,0,1,1
BRF:2
BRH:2
end_of_record
TN:
SF:middlewares/authorization.js
FN:3,(anonymous_0)
FNF:1
FNH:1
FNDA:3,(anonymous_0)
DA:1,2
DA:3,2
DA:4,3
DA:5,3
DA:6,3
DA:7,3
DA:8,1
DA:10,2
DA:11,2
DA:12,2
DA:13,1
DA:14,1
DA:16,1
DA:19,2
DA:20,2
DA:22,0
DA:27,2
LF:17
LH:16
BRDA:7,0,0,1
BRDA:7,0,1,2
BRDA:12,1,0,1
BRDA:12,1,1,1
BRDA:19,2,0,2
BRDA:19,2,1,0
BRF:6
BRH:5
end_of_record
TN:
SF:models/product.js
FNF:0
FNH:0
DA:1,2
DA:2,2
DA:4,2
DA:16,2
LF:4
LH:4
BRF:0
BRH:0
end_of_record
TN:
SF:models/user.js
FN:40,(anonymous_0)
FNF:1
FNH:1
FNDA:2,(anonymous_0)
DA:1,2
DA:2,2
DA:3,2
DA:4,2
DA:6,2
DA:40,2
DA:41,2
DA:43,2
DA:45,2
DA:46,2
DA:49,2
DA:51,2
LF:12
LH:12
BRDA:43,0,0,0
BRDA:43,0,1,2
BRF:2
BRH:1
end_of_record
TN:
SF:routers/index.js
FNF:0
FNH:0
DA:1,2
DA:2,2
DA:3,2
DA:5,2
DA:7,2
DA:9,2
LF:6
LH:6
BRF:0
BRH:0
end_of_record
TN:
SF:routers/product.js
FNF:0
FNH:0
DA:1,2
DA:2,2
DA:3,2
DA:4,2
DA:6,2
DA:8,2
DA:10,2
DA:12,2
DA:14,2
DA:16,2
LF:10
LH:10
BRF:0
BRH:0
end_of_record
TN:
SF:routers/user.js
FN:4,(anonymous_0)
FNF:1
FNH:0
FNDA:0,(anonymous_0)
DA:1,2
DA:2,2
DA:4,2
DA:5,0
DA:8,2
DA:10,2
DA:12,2
LF:7
LH:6
BRF:0
BRH:0
end_of_record
